-------------------------------------------------------------------------------
Test set: com.shelgon.nopage.NopageRoomApplicationTests
-------------------------------------------------------------------------------
Tests run: 1, Failures: 0, Errors: 1, Skipped: 0, Time elapsed: 7.589 s <<< FAILURE! - in com.shelgon.nopage.NopageRoomApplicationTests
test(com.shelgon.nopage.NopageRoomApplicationTests)  Time elapsed: 0.001 s  <<< ERROR!
java.lang.IllegalStateException: Failed to load ApplicationContext
Caused by: org.springframework.beans.factory.BeanCreationException: Error creating bean with name 'serverEndpointExporter' defined in com.shelgon.nopage.NopageRoomApplication$WebSocketConfig: Invocation of init method failed; nested exception is java.lang.IllegalStateException: javax.websocket.server.ServerContainer not available
Caused by: java.lang.IllegalStateException: javax.websocket.server.ServerContainer not available

